Build started 12/2/2015 1:19:46 PM.
     1>Project "C:\Users\anthony.touchet\Documents\GitHub\Poppit-and-Locket\Math\Math\MathLibrary\MathLibrary\MathLibrary.vcxproj" on node 2 (Build target(s)).
     1>ClCompile:
         C:\Program Files (x86)\Microsoft Visual Studio 14.0\VC\bin\x86_amd64\CL.exe /c /ZI /nologo /W3 /WX- /sdl /Od /D _MBCS /Gm /EHsc /RTC1 /MDd /GS /fp:precise /Zc:wchar_t /Zc:forScope /Zc:inline /Fo"x64\Debug\\" /Fd"x64\Debug\MathLibrary.pdb" /Gd /TP /errorReport:prompt Source.cpp
         Source.cpp
     1>c:\users\anthony.touchet\documents\github\poppit-and-locket\math\math\mathlibrary\mathlibrary\vecmath.h(154): error C2450: switch expression of type 'std::string []' is illegal
         c:\users\anthony.touchet\documents\github\poppit-and-locket\math\math\mathlibrary\mathlibrary\vecmath.h(154): note: Integral expression required
         c:\users\anthony.touchet\documents\github\poppit-and-locket\math\math\mathlibrary\mathlibrary\vecmath.h(132): note: while compiling class template member function 'Vector<int> Vector<int>::HexColor(std::string [])'
         c:\users\anthony.touchet\documents\github\poppit-and-locket\math\math\mathlibrary\mathlibrary\source.cpp(19): note: see reference to function template instantiation 'Vector<int> Vector<int>::HexColor(std::string [])' being compiled
         c:\users\anthony.touchet\documents\github\poppit-and-locket\math\math\mathlibrary\mathlibrary\source.cpp(16): note: see reference to class template instantiation 'Vector<int>' being compiled
     1>Done Building Project "C:\Users\anthony.touchet\Documents\GitHub\Poppit-and-Locket\Math\Math\MathLibrary\MathLibrary\MathLibrary.vcxproj" (Build target(s)) -- FAILED.

Build FAILED.

Time Elapsed 00:00:00.31
